<?xml version="1.0" encoding="UTF-8"?>
<testsuites>
  <testsuite name="" tests="12" assertions="30" errors="0" warnings="0" failures="0" skipped="0" time="0.711520">
    <testsuite name="all" tests="12" assertions="30" errors="0" warnings="0" failures="0" skipped="0" time="0.711520">
      <testsuite name="DistortedFusion\Env\Tests\Commands\AppUrlCommandTest" file="/home/vagrant/code/distortedfusion/laravel-env-management/tests/src/Commands/AppUrlCommandTest.php" tests="4" assertions="11" errors="0" warnings="0" failures="0" skipped="0" time="0.460991">
        <testcase name="testGettingUrlWhenNoneIsSetShowsError" class="DistortedFusion\Env\Tests\Commands\AppUrlCommandTest" classname="DistortedFusion.Env.Tests.Commands.AppUrlCommandTest" file="/home/vagrant/code/distortedfusion/laravel-env-management/tests/src/Commands/AppUrlCommandTest.php" line="10" assertions="2" time="0.378220"/>
        <testcase name="testGettingUrlShowsCurrentUrl" class="DistortedFusion\Env\Tests\Commands\AppUrlCommandTest" classname="DistortedFusion.Env.Tests.Commands.AppUrlCommandTest" file="/home/vagrant/code/distortedfusion/laravel-env-management/tests/src/Commands/AppUrlCommandTest.php" line="20" assertions="2" time="0.023218"/>
        <testcase name="testSettingUrlPersistsUrlInEnvAndSetsConfig" class="DistortedFusion\Env\Tests\Commands\AppUrlCommandTest" classname="DistortedFusion.Env.Tests.Commands.AppUrlCommandTest" file="/home/vagrant/code/distortedfusion/laravel-env-management/tests/src/Commands/AppUrlCommandTest.php" line="30" assertions="6" time="0.032163"/>
        <testcase name="testMissingEnvVariableThrowsException" class="DistortedFusion\Env\Tests\Commands\AppUrlCommandTest" classname="DistortedFusion.Env.Tests.Commands.AppUrlCommandTest" file="/home/vagrant/code/distortedfusion/laravel-env-management/tests/src/Commands/AppUrlCommandTest.php" line="51" assertions="1" time="0.027390"/>
      </testsuite>
      <testsuite name="DistortedFusion\Env\Tests\Commands\AppVersionCommandTest" file="/home/vagrant/code/distortedfusion/laravel-env-management/tests/src/Commands/AppVersionCommandTest.php" tests="5" assertions="12" errors="0" warnings="0" failures="0" skipped="0" time="0.123929">
        <testcase name="testGettingVersionWhenNoneIsSetShowsError" class="DistortedFusion\Env\Tests\Commands\AppVersionCommandTest" classname="DistortedFusion.Env.Tests.Commands.AppVersionCommandTest" file="/home/vagrant/code/distortedfusion/laravel-env-management/tests/src/Commands/AppVersionCommandTest.php" line="10" assertions="2" time="0.023331"/>
        <testcase name="testGettingVersionShowsCurrentVersion" class="DistortedFusion\Env\Tests\Commands\AppVersionCommandTest" classname="DistortedFusion.Env.Tests.Commands.AppVersionCommandTest" file="/home/vagrant/code/distortedfusion/laravel-env-management/tests/src/Commands/AppVersionCommandTest.php" line="20" assertions="2" time="0.024066"/>
        <testcase name="testSettingVersionPersistsVersionInEnvAndSetsConfig" class="DistortedFusion\Env\Tests\Commands\AppVersionCommandTest" classname="DistortedFusion.Env.Tests.Commands.AppVersionCommandTest" file="/home/vagrant/code/distortedfusion/laravel-env-management/tests/src/Commands/AppVersionCommandTest.php" line="30" assertions="6" time="0.026170"/>
        <testcase name="testMissingEnvVariableThrowsException" class="DistortedFusion\Env\Tests\Commands\AppVersionCommandTest" classname="DistortedFusion.Env.Tests.Commands.AppVersionCommandTest" file="/home/vagrant/code/distortedfusion/laravel-env-management/tests/src/Commands/AppVersionCommandTest.php" line="51" assertions="1" time="0.025351"/>
        <testcase name="testMissingConfigVariableThrowsException" class="DistortedFusion\Env\Tests\Commands\AppVersionCommandTest" classname="DistortedFusion.Env.Tests.Commands.AppVersionCommandTest" file="/home/vagrant/code/distortedfusion/laravel-env-management/tests/src/Commands/AppVersionCommandTest.php" line="60" assertions="1" time="0.025011"/>
      </testsuite>
      <testsuite name="DistortedFusion\Env\Tests\Commands\KeySetCommandTest" file="/home/vagrant/code/distortedfusion/laravel-env-management/tests/src/Commands/KeySetCommandTest.php" tests="3" assertions="7" errors="0" warnings="0" failures="0" skipped="0" time="0.126600">
        <testcase name="testSettingKeyPersistsKeyInEnv" class="DistortedFusion\Env\Tests\Commands\KeySetCommandTest" classname="DistortedFusion.Env.Tests.Commands.KeySetCommandTest" file="/home/vagrant/code/distortedfusion/laravel-env-management/tests/src/Commands/KeySetCommandTest.php" line="12" assertions="4" time="0.027463"/>
        <testcase name="testNothingHappensWhenKeyIsNotEmptyInProductionAndConfirmationIsNo" class="DistortedFusion\Env\Tests\Commands\KeySetCommandTest" classname="DistortedFusion.Env.Tests.Commands.KeySetCommandTest" file="/home/vagrant/code/distortedfusion/laravel-env-management/tests/src/Commands/KeySetCommandTest.php" line="26" assertions="2" time="0.057295"/>
        <testcase name="testMissingEnvVariableThrowsException" class="DistortedFusion\Env\Tests\Commands\KeySetCommandTest" classname="DistortedFusion.Env.Tests.Commands.KeySetCommandTest" file="/home/vagrant/code/distortedfusion/laravel-env-management/tests/src/Commands/KeySetCommandTest.php" line="42" assertions="1" time="0.041841"/>
      </testsuite>
    </testsuite>
  </testsuite>
</testsuites>
